<?xml version="1.0" encoding="UTF-8"?>
<!-- Generated by org.testng.reporters.JUnitXMLReporter -->
<testsuite ignored="0" hostname="DESKTOP-86F5J9B" failures="1" tests="4" name="Test" time="27.284" errors="0" timestamp="2024-10-01T13:19:05 IST">
  <testcase classname="testngdemo.DemoLogin" name="setup" time="16.538"/>
  <testcase classname="testngdemo.DemoLogin" name="FullName" time="0.266"/>
  <testcase classname="testngdemo.DemoLogin" name="EnterEmail" time="0.184"/>
  <testcase classname="testngdemo.DemoLogin" name="click_On_signup_button" time="4.527">
    <failure type="java.lang.AssertionError" message="expected [ENTER ACCOUNT INFORMATION] but found [ENTER... ACCOUNT INFORMATION]">
      <![CDATA[java.lang.AssertionError: expected [ENTER ACCOUNT INFORMATION] but found [ENTER... ACCOUNT INFORMATION]
at testngdemo.DemoLogin.click_On_signup_button(DemoLogin.java:71)
at java.base/java.util.ArrayList.forEach(ArrayList.java:1597)
... Removed 31 stack frames]]>
    </failure>
  </testcase> <!-- click_On_signup_button -->
</testsuite> <!-- Test -->
